a:8:{s:2:"ip";s:0:"";s:5:"param";s:37:"s=admin&c=site&a=config&id=1&typeid=1";s:6:"userid";i:1;s:6:"action";s:6:"config";s:7:"options";s:36:"网站管理 - 网站配置 - 提交";s:8:"username";s:5:"admin";s:10:"controller";s:4:"site";s:10:"optiontime";i:1485096357;}
a:8:{s:2:"ip";s:0:"";s:5:"param";s:28:"s=admin&c=site&a=config&id=1";s:6:"userid";i:1;s:6:"action";s:6:"config";s:7:"options";s:36:"网站管理 - 网站配置 - 提交";s:8:"username";s:5:"admin";s:10:"controller";s:4:"site";s:10:"optiontime";i:1485096303;}
a:8:{s:2:"ip";s:0:"";s:5:"param";s:26:"s=admin&c=site&a=edit&id=1";s:6:"userid";i:1;s:6:"action";s:4:"edit";s:7:"options";s:30:"网站管理 - 修改 - 提交";s:8:"username";s:5:"admin";s:10:"controller";s:4:"site";s:10:"optiontime";i:1485096101;}
a:8:{s:2:"ip";s:0:"";s:5:"param";s:30:"s=admin&c=content&a=edit&id=55";s:6:"userid";i:1;s:6:"action";s:4:"edit";s:7:"options";s:30:"内容管理 - 修改 - 提交";s:8:"username";s:5:"admin";s:10:"controller";s:7:"content";s:10:"optiontime";i:1485093337;}
a:8:{s:2:"ip";s:0:"";s:5:"param";s:30:"s=admin&c=content&a=edit&id=56";s:6:"userid";i:1;s:6:"action";s:4:"edit";s:7:"options";s:30:"内容管理 - 修改 - 提交";s:8:"username";s:5:"admin";s:10:"controller";s:7:"content";s:10:"optiontime";i:1485092603;}
a:8:{s:2:"ip";s:0:"";s:5:"param";s:34:"s=admin&c=category&a=edit&catid=51";s:6:"userid";i:1;s:6:"action";s:4:"edit";s:7:"options";s:30:"栏目管理 - 修改 - 提交";s:8:"username";s:5:"admin";s:10:"controller";s:8:"category";s:10:"optiontime";i:1485091986;}
a:8:{s:2:"ip";s:0:"";s:5:"param";s:40:"s=admin&c=form&a=config&modelid=11&cid=0";s:6:"userid";i:1;s:6:"action";s:6:"config";s:7:"options";s:36:"表单管理 - 表单配置 - 提交";s:8:"username";s:5:"admin";s:10:"controller";s:4:"form";s:10:"optiontime";i:1485091696;}
a:8:{s:2:"ip";s:0:"";s:5:"param";s:34:"s=admin&c=category&a=edit&catid=51";s:6:"userid";i:1;s:6:"action";s:4:"edit";s:7:"options";s:30:"栏目管理 - 修改 - 提交";s:8:"username";s:5:"admin";s:10:"controller";s:8:"category";s:10:"optiontime";i:1485091584;}
a:8:{s:2:"ip";s:0:"";s:5:"param";s:40:"s=admin&c=form&a=config&modelid=11&cid=0";s:6:"userid";i:1;s:6:"action";s:6:"config";s:7:"options";s:36:"表单管理 - 表单配置 - 提交";s:8:"username";s:5:"admin";s:10:"controller";s:4:"form";s:10:"optiontime";i:1485091418;}
a:8:{s:2:"ip";s:0:"";s:5:"param";s:34:"s=admin&c=category&a=edit&catid=39";s:6:"userid";i:1;s:6:"action";s:4:"edit";s:7:"options";s:30:"栏目管理 - 修改 - 提交";s:8:"username";s:5:"admin";s:10:"controller";s:8:"category";s:10:"optiontime";i:1485090885;}
a:8:{s:2:"ip";s:0:"";s:5:"param";s:43:"s=admin&c=content&a=add&catid=50&modelid=15";s:6:"userid";i:1;s:6:"action";s:3:"add";s:7:"options";s:30:"内容管理 - 添加 - 提交";s:8:"username";s:5:"admin";s:10:"controller";s:7:"content";s:10:"optiontime";i:1485090458;}
a:8:{s:2:"ip";s:0:"";s:5:"param";s:37:"s=admin&c=content&catid=50&modelid=15";s:6:"userid";i:1;s:6:"action";s:5:"index";s:7:"options";s:30:"内容管理 - 列表 - 提交";s:8:"username";s:5:"admin";s:10:"controller";s:7:"content";s:10:"optiontime";i:1485089556;}
a:8:{s:2:"ip";s:0:"";s:5:"param";s:30:"s=admin&c=content&a=edit&id=58";s:6:"userid";i:1;s:6:"action";s:4:"edit";s:7:"options";s:30:"内容管理 - 修改 - 提交";s:8:"username";s:5:"admin";s:10:"controller";s:7:"content";s:10:"optiontime";i:1485089014;}
a:8:{s:2:"ip";s:0:"";s:5:"param";s:43:"s=admin&c=content&a=add&catid=48&modelid=13";s:6:"userid";i:1;s:6:"action";s:3:"add";s:7:"options";s:30:"内容管理 - 添加 - 提交";s:8:"username";s:5:"admin";s:10:"controller";s:7:"content";s:10:"optiontime";i:1485088939;}
a:8:{s:2:"ip";s:0:"";s:5:"param";s:43:"s=admin&c=content&a=add&catid=48&modelid=13";s:6:"userid";i:1;s:6:"action";s:3:"add";s:7:"options";s:30:"内容管理 - 添加 - 提交";s:8:"username";s:5:"admin";s:10:"controller";s:7:"content";s:10:"optiontime";i:1485088858;}
a:8:{s:2:"ip";s:0:"";s:5:"param";s:34:"s=admin&c=category&a=edit&catid=51";s:6:"userid";i:1;s:6:"action";s:4:"edit";s:7:"options";s:30:"栏目管理 - 修改 - 提交";s:8:"username";s:5:"admin";s:10:"controller";s:8:"category";s:10:"optiontime";i:1485088529;}
a:8:{s:2:"ip";s:0:"";s:5:"param";s:42:"s=admin&c=model&a=edit&typeid=3&modelid=11";s:6:"userid";i:1;s:6:"action";s:4:"edit";s:7:"options";s:30:"模型管理 - 修改 - 提交";s:8:"username";s:5:"admin";s:10:"controller";s:5:"model";s:10:"optiontime";i:1485088517;}
a:8:{s:2:"ip";s:0:"";s:5:"param";s:34:"s=admin&c=category&a=edit&catid=51";s:6:"userid";i:1;s:6:"action";s:4:"edit";s:7:"options";s:30:"栏目管理 - 修改 - 提交";s:8:"username";s:5:"admin";s:10:"controller";s:8:"category";s:10:"optiontime";i:1485088449;}
a:8:{s:2:"ip";s:0:"";s:5:"param";s:34:"s=admin&c=category&a=edit&catid=51";s:6:"userid";i:1;s:6:"action";s:4:"edit";s:7:"options";s:30:"栏目管理 - 修改 - 提交";s:8:"username";s:5:"admin";s:10:"controller";s:8:"category";s:10:"optiontime";i:1485088228;}
a:8:{s:2:"ip";s:0:"";s:5:"param";s:34:"s=admin&c=category&a=edit&catid=51";s:6:"userid";i:1;s:6:"action";s:4:"edit";s:7:"options";s:30:"栏目管理 - 修改 - 提交";s:8:"username";s:5:"admin";s:10:"controller";s:8:"category";s:10:"optiontime";i:1485087951;}
a:8:{s:2:"ip";s:0:"";s:5:"param";s:24:"s=admin&c=category&a=add";s:6:"userid";i:1;s:6:"action";s:3:"add";s:7:"options";s:30:"栏目管理 - 添加 - 提交";s:8:"username";s:5:"admin";s:10:"controller";s:8:"category";s:10:"optiontime";i:1485087935;}
a:8:{s:2:"ip";s:0:"";s:5:"param";s:34:"s=admin&c=category&a=edit&catid=47";s:6:"userid";i:1;s:6:"action";s:4:"edit";s:7:"options";s:30:"栏目管理 - 修改 - 提交";s:8:"username";s:5:"admin";s:10:"controller";s:8:"category";s:10:"optiontime";i:1485087622;}
a:8:{s:2:"ip";s:0:"";s:5:"param";s:43:"s=admin&c=content&a=add&catid=47&modelid=12";s:6:"userid";i:1;s:6:"action";s:3:"add";s:7:"options";s:30:"内容管理 - 添加 - 提交";s:8:"username";s:5:"admin";s:10:"controller";s:7:"content";s:10:"optiontime";i:1485087258;}
a:8:{s:2:"ip";s:0:"";s:5:"param";s:34:"s=admin&c=category&a=edit&catid=47";s:6:"userid";i:1;s:6:"action";s:4:"edit";s:7:"options";s:30:"栏目管理 - 修改 - 提交";s:8:"username";s:5:"admin";s:10:"controller";s:8:"category";s:10:"optiontime";i:1485086883;}
a:8:{s:2:"ip";s:0:"";s:5:"param";s:30:"s=admin&c=content&a=edit&id=51";s:6:"userid";i:1;s:6:"action";s:4:"edit";s:7:"options";s:30:"内容管理 - 修改 - 提交";s:8:"username";s:5:"admin";s:10:"controller";s:7:"content";s:10:"optiontime";i:1485086682;}
a:8:{s:2:"ip";s:0:"";s:5:"param";s:34:"s=admin&c=category&a=edit&catid=25";s:6:"userid";i:1;s:6:"action";s:4:"edit";s:7:"options";s:30:"栏目管理 - 修改 - 提交";s:8:"username";s:5:"admin";s:10:"controller";s:8:"category";s:10:"optiontime";i:1485086464;}
a:8:{s:2:"ip";s:0:"";s:5:"param";s:34:"s=admin&c=category&a=edit&catid=25";s:6:"userid";i:1;s:6:"action";s:4:"edit";s:7:"options";s:30:"栏目管理 - 修改 - 提交";s:8:"username";s:5:"admin";s:10:"controller";s:8:"category";s:10:"optiontime";i:1485085818;}
a:8:{s:2:"ip";s:0:"";s:5:"param";s:34:"s=admin&c=category&a=edit&catid=25";s:6:"userid";i:1;s:6:"action";s:4:"edit";s:7:"options";s:30:"栏目管理 - 修改 - 提交";s:8:"username";s:5:"admin";s:10:"controller";s:8:"category";s:10:"optiontime";i:1485084386;}
a:8:{s:2:"ip";s:0:"";s:5:"param";s:34:"s=admin&c=category&a=edit&catid=25";s:6:"userid";i:1;s:6:"action";s:4:"edit";s:7:"options";s:30:"栏目管理 - 修改 - 提交";s:8:"username";s:5:"admin";s:10:"controller";s:8:"category";s:10:"optiontime";i:1485083760;}
a:8:{s:2:"ip";s:0:"";s:5:"param";s:43:"s=admin&c=content&a=add&catid=43&modelid=10";s:6:"userid";i:1;s:6:"action";s:3:"add";s:7:"options";s:30:"内容管理 - 添加 - 提交";s:8:"username";s:5:"admin";s:10:"controller";s:7:"content";s:10:"optiontime";i:1485082426;}
a:8:{s:2:"ip";s:0:"";s:5:"param";s:43:"s=admin&c=content&a=add&catid=43&modelid=10";s:6:"userid";i:1;s:6:"action";s:3:"add";s:7:"options";s:30:"内容管理 - 添加 - 提交";s:8:"username";s:5:"admin";s:10:"controller";s:7:"content";s:10:"optiontime";i:1485082395;}
a:8:{s:2:"ip";s:0:"";s:5:"param";s:34:"s=admin&c=category&a=edit&catid=43";s:6:"userid";i:1;s:6:"action";s:4:"edit";s:7:"options";s:30:"栏目管理 - 修改 - 提交";s:8:"username";s:5:"admin";s:10:"controller";s:8:"category";s:10:"optiontime";i:1485082008;}
a:8:{s:2:"ip";s:0:"";s:5:"param";s:34:"s=admin&c=category&a=edit&catid=32";s:6:"userid";i:1;s:6:"action";s:4:"edit";s:7:"options";s:30:"栏目管理 - 修改 - 提交";s:8:"username";s:5:"admin";s:10:"controller";s:8:"category";s:10:"optiontime";i:1485081799;}
a:8:{s:2:"ip";s:0:"";s:5:"param";s:34:"s=admin&c=category&a=edit&catid=33";s:6:"userid";i:1;s:6:"action";s:4:"edit";s:7:"options";s:30:"栏目管理 - 修改 - 提交";s:8:"username";s:5:"admin";s:10:"controller";s:8:"category";s:10:"optiontime";i:1485081781;}
a:8:{s:2:"ip";s:0:"";s:5:"param";s:42:"s=admin&c=content&a=add&catid=31&modelid=8";s:6:"userid";i:1;s:6:"action";s:3:"add";s:7:"options";s:30:"内容管理 - 添加 - 提交";s:8:"username";s:5:"admin";s:10:"controller";s:7:"content";s:10:"optiontime";i:1485081180;}
a:8:{s:2:"ip";s:0:"";s:5:"param";s:34:"s=admin&c=category&a=edit&catid=31";s:6:"userid";i:1;s:6:"action";s:4:"edit";s:7:"options";s:30:"栏目管理 - 修改 - 提交";s:8:"username";s:5:"admin";s:10:"controller";s:8:"category";s:10:"optiontime";i:1485080799;}
a:8:{s:2:"ip";s:0:"";s:5:"param";s:34:"s=admin&c=category&a=edit&catid=41";s:6:"userid";i:1;s:6:"action";s:4:"edit";s:7:"options";s:30:"栏目管理 - 修改 - 提交";s:8:"username";s:5:"admin";s:10:"controller";s:8:"category";s:10:"optiontime";i:1485080639;}
a:8:{s:2:"ip";s:0:"";s:5:"param";s:36:"s=admin&c=content&catid=40&modelid=9";s:6:"userid";i:1;s:6:"action";s:5:"index";s:7:"options";s:36:"内容管理 - 列表 - 批量排序";s:8:"username";s:5:"admin";s:10:"controller";s:7:"content";s:10:"optiontime";i:1485080051;}
a:8:{s:2:"ip";s:0:"";s:5:"param";s:36:"s=admin&c=content&catid=40&modelid=9";s:6:"userid";i:1;s:6:"action";s:5:"index";s:7:"options";s:36:"内容管理 - 列表 - 批量排序";s:8:"username";s:5:"admin";s:10:"controller";s:7:"content";s:10:"optiontime";i:1485079930;}
a:8:{s:2:"ip";s:0:"";s:5:"param";s:36:"s=admin&c=content&catid=40&modelid=9";s:6:"userid";i:1;s:6:"action";s:5:"index";s:7:"options";s:36:"内容管理 - 列表 - 批量排序";s:8:"username";s:5:"admin";s:10:"controller";s:7:"content";s:10:"optiontime";i:1485079903;}
a:8:{s:2:"ip";s:0:"";s:5:"param";s:36:"s=admin&c=content&catid=40&modelid=9";s:6:"userid";i:1;s:6:"action";s:5:"index";s:7:"options";s:36:"内容管理 - 列表 - 批量排序";s:8:"username";s:5:"admin";s:10:"controller";s:7:"content";s:10:"optiontime";i:1485079853;}
a:8:{s:2:"ip";s:0:"";s:5:"param";s:36:"s=admin&c=content&catid=40&modelid=9";s:6:"userid";i:1;s:6:"action";s:5:"index";s:7:"options";s:36:"内容管理 - 列表 - 批量排序";s:8:"username";s:5:"admin";s:10:"controller";s:7:"content";s:10:"optiontime";i:1485079796;}
a:8:{s:2:"ip";s:0:"";s:5:"param";s:36:"s=admin&c=content&catid=40&modelid=9";s:6:"userid";i:1;s:6:"action";s:5:"index";s:7:"options";s:36:"内容管理 - 列表 - 批量排序";s:8:"username";s:5:"admin";s:10:"controller";s:7:"content";s:10:"optiontime";i:1485079563;}
a:8:{s:2:"ip";s:0:"";s:5:"param";s:42:"s=admin&c=content&a=add&catid=40&modelid=9";s:6:"userid";i:1;s:6:"action";s:3:"add";s:7:"options";s:30:"内容管理 - 添加 - 提交";s:8:"username";s:5:"admin";s:10:"controller";s:7:"content";s:10:"optiontime";i:1485079549;}
a:8:{s:2:"ip";s:0:"";s:5:"param";s:42:"s=admin&c=content&a=add&catid=40&modelid=9";s:6:"userid";i:1;s:6:"action";s:3:"add";s:7:"options";s:30:"内容管理 - 添加 - 提交";s:8:"username";s:5:"admin";s:10:"controller";s:7:"content";s:10:"optiontime";i:1485079514;}
a:8:{s:2:"ip";s:0:"";s:5:"param";s:34:"s=admin&c=category&a=edit&catid=40";s:6:"userid";i:1;s:6:"action";s:4:"edit";s:7:"options";s:30:"栏目管理 - 修改 - 提交";s:8:"username";s:5:"admin";s:10:"controller";s:8:"category";s:10:"optiontime";i:1485079352;}
a:8:{s:2:"ip";s:0:"";s:5:"param";s:34:"s=admin&c=category&a=edit&catid=39";s:6:"userid";i:1;s:6:"action";s:4:"edit";s:7:"options";s:30:"栏目管理 - 修改 - 提交";s:8:"username";s:5:"admin";s:10:"controller";s:8:"category";s:10:"optiontime";i:1485078944;}
a:8:{s:2:"ip";s:0:"";s:5:"param";s:31:"s=admin&c=form&a=list&modelid=7";s:6:"userid";i:1;s:6:"action";s:4:"list";s:7:"options";s:36:"表单管理 - 列表 - 批量删除";s:8:"username";s:5:"admin";s:10:"controller";s:4:"form";s:10:"optiontime";i:1485078669;}
a:8:{s:2:"ip";s:0:"";s:5:"param";s:31:"s=admin&c=form&a=list&modelid=7";s:6:"userid";i:1;s:6:"action";s:4:"list";s:7:"options";s:36:"表单管理 - 列表 - 批量删除";s:8:"username";s:5:"admin";s:10:"controller";s:4:"form";s:10:"optiontime";i:1485078206;}
a:8:{s:2:"ip";s:0:"";s:5:"param";s:39:"s=admin&c=form&a=config&modelid=7&cid=0";s:6:"userid";i:1;s:6:"action";s:6:"config";s:7:"options";s:36:"表单管理 - 表单配置 - 提交";s:8:"username";s:5:"admin";s:10:"controller";s:4:"form";s:10:"optiontime";i:1485078048;}
a:8:{s:2:"ip";s:0:"";s:5:"param";s:46:"s=admin&c=form&a=list&status=1&modelid=7&cid=0";s:6:"userid";i:1;s:6:"action";s:4:"list";s:7:"options";s:36:"表单管理 - 列表 - 批量删除";s:8:"username";s:5:"admin";s:10:"controller";s:4:"form";s:10:"optiontime";i:1485078027;}
a:8:{s:2:"ip";s:0:"";s:5:"param";s:48:"s=admin&c=form&a=config&modelid=7&cid=0&typeid=2";s:6:"userid";i:1;s:6:"action";s:6:"config";s:7:"options";s:36:"表单管理 - 表单配置 - 提交";s:8:"username";s:5:"admin";s:10:"controller";s:4:"form";s:10:"optiontime";i:1485077963;}
a:8:{s:2:"ip";s:0:"";s:5:"param";s:39:"s=admin&c=form&a=config&modelid=7&cid=0";s:6:"userid";i:1;s:6:"action";s:6:"config";s:7:"options";s:36:"表单管理 - 表单配置 - 提交";s:8:"username";s:5:"admin";s:10:"controller";s:4:"form";s:10:"optiontime";i:1485077920;}
a:8:{s:2:"ip";s:0:"";s:5:"param";s:41:"s=admin&c=model&a=edit&typeid=3&modelid=7";s:6:"userid";i:1;s:6:"action";s:4:"edit";s:7:"options";s:30:"模型管理 - 修改 - 提交";s:8:"username";s:5:"admin";s:10:"controller";s:5:"model";s:10:"optiontime";i:1485077215;}
a:8:{s:2:"ip";s:0:"";s:5:"param";s:34:"s=admin&c=category&a=edit&catid=17";s:6:"userid";i:1;s:6:"action";s:4:"edit";s:7:"options";s:30:"栏目管理 - 修改 - 提交";s:8:"username";s:5:"admin";s:10:"controller";s:8:"category";s:10:"optiontime";i:1485077185;}
a:8:{s:2:"ip";s:0:"";s:5:"param";s:34:"s=admin&c=category&a=edit&catid=17";s:6:"userid";i:1;s:6:"action";s:4:"edit";s:7:"options";s:30:"栏目管理 - 修改 - 提交";s:8:"username";s:5:"admin";s:10:"controller";s:8:"category";s:10:"optiontime";i:1485077153;}
a:8:{s:2:"ip";s:0:"";s:5:"param";s:42:"s=admin&c=content&a=add&catid=25&modelid=1";s:6:"userid";i:1;s:6:"action";s:3:"add";s:7:"options";s:30:"内容管理 - 添加 - 提交";s:8:"username";s:5:"admin";s:10:"controller";s:7:"content";s:10:"optiontime";i:1485076352;}
a:8:{s:2:"ip";s:0:"";s:5:"param";s:42:"s=admin&c=content&a=add&catid=25&modelid=1";s:6:"userid";i:1;s:6:"action";s:3:"add";s:7:"options";s:30:"内容管理 - 添加 - 提交";s:8:"username";s:5:"admin";s:10:"controller";s:7:"content";s:10:"optiontime";i:1485076333;}
a:8:{s:2:"ip";s:0:"";s:5:"param";s:42:"s=admin&c=content&a=add&catid=25&modelid=1";s:6:"userid";i:1;s:6:"action";s:3:"add";s:7:"options";s:30:"内容管理 - 添加 - 提交";s:8:"username";s:5:"admin";s:10:"controller";s:7:"content";s:10:"optiontime";i:1485076323;}
a:8:{s:2:"ip";s:0:"";s:5:"param";s:42:"s=admin&c=content&a=add&catid=25&modelid=1";s:6:"userid";i:1;s:6:"action";s:3:"add";s:7:"options";s:30:"内容管理 - 添加 - 提交";s:8:"username";s:5:"admin";s:10:"controller";s:7:"content";s:10:"optiontime";i:1485075694;}
a:8:{s:2:"ip";s:0:"";s:5:"param";s:42:"s=admin&c=content&a=add&catid=25&modelid=1";s:6:"userid";i:1;s:6:"action";s:3:"add";s:7:"options";s:30:"内容管理 - 添加 - 提交";s:8:"username";s:5:"admin";s:10:"controller";s:7:"content";s:10:"optiontime";i:1485075669;}
a:8:{s:2:"ip";s:0:"";s:5:"param";s:34:"s=admin&c=category&a=edit&catid=43";s:6:"userid";i:1;s:6:"action";s:4:"edit";s:7:"options";s:30:"栏目管理 - 修改 - 提交";s:8:"username";s:5:"admin";s:10:"controller";s:8:"category";s:10:"optiontime";i:1485075421;}
a:8:{s:2:"ip";s:0:"";s:5:"param";s:43:"s=admin&c=content&a=add&catid=43&modelid=10";s:6:"userid";i:1;s:6:"action";s:3:"add";s:7:"options";s:30:"内容管理 - 添加 - 提交";s:8:"username";s:5:"admin";s:10:"controller";s:7:"content";s:10:"optiontime";i:1485075234;}
a:8:{s:2:"ip";s:0:"";s:5:"param";s:43:"s=admin&c=content&a=add&catid=42&modelid=10";s:6:"userid";i:1;s:6:"action";s:3:"add";s:7:"options";s:30:"内容管理 - 添加 - 提交";s:8:"username";s:5:"admin";s:10:"controller";s:7:"content";s:10:"optiontime";i:1485074991;}
a:8:{s:2:"ip";s:0:"";s:5:"param";s:34:"s=admin&c=category&a=edit&catid=39";s:6:"userid";i:1;s:6:"action";s:4:"edit";s:7:"options";s:30:"栏目管理 - 修改 - 提交";s:8:"username";s:5:"admin";s:10:"controller";s:8:"category";s:10:"optiontime";i:1485074182;}
a:8:{s:2:"ip";s:0:"";s:5:"param";s:43:"s=admin&c=content&a=add&catid=48&modelid=13";s:6:"userid";i:1;s:6:"action";s:3:"add";s:7:"options";s:30:"内容管理 - 添加 - 提交";s:8:"username";s:5:"admin";s:10:"controller";s:7:"content";s:10:"optiontime";i:1485074007;}
a:8:{s:2:"ip";s:0:"";s:5:"param";s:46:"s=admin&c=model&a=addfield&typeid=1&modelid=13";s:6:"userid";i:1;s:6:"action";s:8:"addfield";s:7:"options";s:36:"模型管理 - 添加字段 - 提交";s:8:"username";s:5:"admin";s:10:"controller";s:5:"model";s:10:"optiontime";i:1485073952;}
a:8:{s:2:"ip";s:0:"";s:5:"param";s:47:"s=admin&c=model&a=editfield&typeid=1&fieldid=72";s:6:"userid";i:1;s:6:"action";s:9:"editfield";s:7:"options";s:36:"模型管理 - 修改字段 - 提交";s:8:"username";s:5:"admin";s:10:"controller";s:5:"model";s:10:"optiontime";i:1485073791;}
a:8:{s:2:"ip";s:0:"";s:5:"param";s:47:"s=admin&c=model&a=editfield&typeid=1&fieldid=74";s:6:"userid";i:1;s:6:"action";s:9:"editfield";s:7:"options";s:36:"模型管理 - 修改字段 - 提交";s:8:"username";s:5:"admin";s:10:"controller";s:5:"model";s:10:"optiontime";i:1485073762;}
a:8:{s:2:"ip";s:0:"";s:5:"param";s:34:"s=admin&c=category&a=edit&catid=48";s:6:"userid";i:1;s:6:"action";s:4:"edit";s:7:"options";s:30:"栏目管理 - 修改 - 提交";s:8:"username";s:5:"admin";s:10:"controller";s:8:"category";s:10:"optiontime";i:1485073600;}
a:8:{s:2:"ip";s:0:"";s:5:"param";s:34:"s=admin&c=category&a=edit&catid=49";s:6:"userid";i:1;s:6:"action";s:4:"edit";s:7:"options";s:30:"栏目管理 - 修改 - 提交";s:8:"username";s:5:"admin";s:10:"controller";s:8:"category";s:10:"optiontime";i:1485073376;}
a:8:{s:2:"ip";s:0:"";s:5:"param";s:43:"s=admin&c=content&a=add&catid=49&modelid=14";s:6:"userid";i:1;s:6:"action";s:3:"add";s:7:"options";s:30:"内容管理 - 添加 - 提交";s:8:"username";s:5:"admin";s:10:"controller";s:7:"content";s:10:"optiontime";i:1485073348;}
a:8:{s:2:"ip";s:0:"";s:5:"param";s:43:"s=admin&c=content&a=add&catid=50&modelid=15";s:6:"userid";i:1;s:6:"action";s:3:"add";s:7:"options";s:30:"内容管理 - 添加 - 提交";s:8:"username";s:5:"admin";s:10:"controller";s:7:"content";s:10:"optiontime";i:1485073278;}
a:8:{s:2:"ip";s:0:"";s:5:"param";s:34:"s=admin&c=category&a=edit&catid=50";s:6:"userid";i:1;s:6:"action";s:4:"edit";s:7:"options";s:30:"栏目管理 - 修改 - 提交";s:8:"username";s:5:"admin";s:10:"controller";s:8:"category";s:10:"optiontime";i:1485073254;}
a:8:{s:2:"ip";s:0:"";s:5:"param";s:47:"s=admin&c=model&a=editfield&typeid=1&fieldid=80";s:6:"userid";i:1;s:6:"action";s:9:"editfield";s:7:"options";s:36:"模型管理 - 修改字段 - 提交";s:8:"username";s:5:"admin";s:10:"controller";s:5:"model";s:10:"optiontime";i:1485073057;}
a:8:{s:2:"ip";s:0:"";s:5:"param";s:47:"s=admin&c=model&a=editfield&typeid=1&fieldid=80";s:6:"userid";i:1;s:6:"action";s:9:"editfield";s:7:"options";s:36:"模型管理 - 修改字段 - 提交";s:8:"username";s:5:"admin";s:10:"controller";s:5:"model";s:10:"optiontime";i:1485073016;}
a:8:{s:2:"ip";s:0:"";s:5:"param";s:42:"s=admin&c=model&a=edit&typeid=1&modelid=15";s:6:"userid";i:1;s:6:"action";s:4:"edit";s:7:"options";s:30:"模型管理 - 修改 - 提交";s:8:"username";s:5:"admin";s:10:"controller";s:5:"model";s:10:"optiontime";i:1485073001;}
a:8:{s:2:"ip";s:0:"";s:5:"param";s:30:"s=admin&c=content&a=edit&id=41";s:6:"userid";i:1;s:6:"action";s:4:"edit";s:7:"options";s:30:"内容管理 - 修改 - 提交";s:8:"username";s:5:"admin";s:10:"controller";s:7:"content";s:10:"optiontime";i:1485072075;}
a:8:{s:2:"ip";s:0:"";s:5:"param";s:18:"s=admin&c=position";s:6:"userid";i:1;s:6:"action";s:5:"index";s:7:"options";s:36:"推送区域管理 - 列表 - 提交";s:8:"username";s:5:"admin";s:10:"controller";s:8:"position";s:10:"optiontime";i:1485072058;}
a:8:{s:2:"ip";s:0:"";s:5:"param";s:43:"s=admin&c=content&a=add&catid=50&modelid=15";s:6:"userid";i:1;s:6:"action";s:3:"add";s:7:"options";s:30:"内容管理 - 添加 - 提交";s:8:"username";s:5:"admin";s:10:"controller";s:7:"content";s:10:"optiontime";i:1485072038;}
a:8:{s:2:"ip";s:0:"";s:5:"param";s:24:"s=admin&c=category&a=add";s:6:"userid";i:1;s:6:"action";s:3:"add";s:7:"options";s:30:"栏目管理 - 添加 - 提交";s:8:"username";s:5:"admin";s:10:"controller";s:8:"category";s:10:"optiontime";i:1485070361;}
a:8:{s:2:"ip";s:0:"";s:5:"param";s:46:"s=admin&c=model&a=addfield&typeid=1&modelid=15";s:6:"userid";i:1;s:6:"action";s:8:"addfield";s:7:"options";s:36:"模型管理 - 添加字段 - 提交";s:8:"username";s:5:"admin";s:10:"controller";s:5:"model";s:10:"optiontime";i:1485070339;}
a:8:{s:2:"ip";s:0:"";s:5:"param";s:30:"s=admin&c=model&a=add&typeid=1";s:6:"userid";i:1;s:6:"action";s:3:"add";s:7:"options";s:30:"模型管理 - 添加 - 提交";s:8:"username";s:5:"admin";s:10:"controller";s:5:"model";s:10:"optiontime";i:1485070284;}
a:8:{s:2:"ip";s:0:"";s:5:"param";s:24:"s=admin&c=category&a=add";s:6:"userid";i:1;s:6:"action";s:3:"add";s:7:"options";s:30:"栏目管理 - 添加 - 提交";s:8:"username";s:5:"admin";s:10:"controller";s:8:"category";s:10:"optiontime";i:1485070025;}
a:8:{s:2:"ip";s:0:"";s:5:"param";s:46:"s=admin&c=model&a=addfield&typeid=1&modelid=14";s:6:"userid";i:1;s:6:"action";s:8:"addfield";s:7:"options";s:36:"模型管理 - 添加字段 - 提交";s:8:"username";s:5:"admin";s:10:"controller";s:5:"model";s:10:"optiontime";i:1485069999;}
a:8:{s:2:"ip";s:0:"";s:5:"param";s:46:"s=admin&c=model&a=addfield&typeid=1&modelid=14";s:6:"userid";i:1;s:6:"action";s:8:"addfield";s:7:"options";s:36:"模型管理 - 添加字段 - 提交";s:8:"username";s:5:"admin";s:10:"controller";s:5:"model";s:10:"optiontime";i:1485069982;}
a:8:{s:2:"ip";s:0:"";s:5:"param";s:46:"s=admin&c=model&a=addfield&typeid=1&modelid=14";s:6:"userid";i:1;s:6:"action";s:8:"addfield";s:7:"options";s:36:"模型管理 - 添加字段 - 提交";s:8:"username";s:5:"admin";s:10:"controller";s:5:"model";s:10:"optiontime";i:1485069963;}
a:8:{s:2:"ip";s:0:"";s:5:"param";s:30:"s=admin&c=model&a=add&typeid=1";s:6:"userid";i:1;s:6:"action";s:3:"add";s:7:"options";s:30:"模型管理 - 添加 - 提交";s:8:"username";s:5:"admin";s:10:"controller";s:5:"model";s:10:"optiontime";i:1485069885;}
a:8:{s:2:"ip";s:0:"";s:5:"param";s:44:"s=admin&c=model&a=fields&modelid=13&typeid=1";s:6:"userid";i:1;s:6:"action";s:6:"fields";s:7:"options";s:36:"模型管理 - 字段管理 - 提交";s:8:"username";s:5:"admin";s:10:"controller";s:5:"model";s:10:"optiontime";i:1485069834;}
a:8:{s:2:"ip";s:0:"";s:5:"param";s:44:"s=admin&c=model&a=fields&modelid=13&typeid=1";s:6:"userid";i:1;s:6:"action";s:6:"fields";s:7:"options";s:36:"模型管理 - 字段管理 - 提交";s:8:"username";s:5:"admin";s:10:"controller";s:5:"model";s:10:"optiontime";i:1485069827;}
a:8:{s:2:"ip";s:0:"";s:5:"param";s:46:"s=admin&c=model&a=addfield&typeid=1&modelid=13";s:6:"userid";i:1;s:6:"action";s:8:"addfield";s:7:"options";s:36:"模型管理 - 添加字段 - 提交";s:8:"username";s:5:"admin";s:10:"controller";s:5:"model";s:10:"optiontime";i:1485069812;}
a:8:{s:2:"ip";s:0:"";s:5:"param";s:47:"s=admin&c=model&a=editfield&typeid=1&fieldid=72";s:6:"userid";i:1;s:6:"action";s:9:"editfield";s:7:"options";s:36:"模型管理 - 修改字段 - 提交";s:8:"username";s:5:"admin";s:10:"controller";s:5:"model";s:10:"optiontime";i:1485069788;}
a:8:{s:2:"ip";s:0:"";s:5:"param";s:47:"s=admin&c=model&a=editfield&typeid=1&fieldid=73";s:6:"userid";i:1;s:6:"action";s:9:"editfield";s:7:"options";s:36:"模型管理 - 修改字段 - 提交";s:8:"username";s:5:"admin";s:10:"controller";s:5:"model";s:10:"optiontime";i:1485069721;}
a:8:{s:2:"ip";s:0:"";s:5:"param";s:24:"s=admin&c=category&a=add";s:6:"userid";i:1;s:6:"action";s:3:"add";s:7:"options";s:30:"栏目管理 - 添加 - 提交";s:8:"username";s:5:"admin";s:10:"controller";s:8:"category";s:10:"optiontime";i:1485069673;}
a:8:{s:2:"ip";s:0:"";s:5:"param";s:46:"s=admin&c=model&a=addfield&typeid=1&modelid=13";s:6:"userid";i:1;s:6:"action";s:8:"addfield";s:7:"options";s:36:"模型管理 - 添加字段 - 提交";s:8:"username";s:5:"admin";s:10:"controller";s:5:"model";s:10:"optiontime";i:1485069629;}
a:8:{s:2:"ip";s:0:"";s:5:"param";s:46:"s=admin&c=model&a=addfield&typeid=1&modelid=13";s:6:"userid";i:1;s:6:"action";s:8:"addfield";s:7:"options";s:36:"模型管理 - 添加字段 - 提交";s:8:"username";s:5:"admin";s:10:"controller";s:5:"model";s:10:"optiontime";i:1485069609;}
a:8:{s:2:"ip";s:0:"";s:5:"param";s:46:"s=admin&c=model&a=addfield&typeid=1&modelid=13";s:6:"userid";i:1;s:6:"action";s:8:"addfield";s:7:"options";s:36:"模型管理 - 添加字段 - 提交";s:8:"username";s:5:"admin";s:10:"controller";s:5:"model";s:10:"optiontime";i:1485069599;}
a:8:{s:2:"ip";s:0:"";s:5:"param";s:46:"s=admin&c=model&a=addfield&typeid=1&modelid=13";s:6:"userid";i:1;s:6:"action";s:8:"addfield";s:7:"options";s:36:"模型管理 - 添加字段 - 提交";s:8:"username";s:5:"admin";s:10:"controller";s:5:"model";s:10:"optiontime";i:1485069585;}
a:8:{s:2:"ip";s:0:"";s:5:"param";s:46:"s=admin&c=model&a=addfield&typeid=1&modelid=13";s:6:"userid";i:1;s:6:"action";s:8:"addfield";s:7:"options";s:36:"模型管理 - 添加字段 - 提交";s:8:"username";s:5:"admin";s:10:"controller";s:5:"model";s:10:"optiontime";i:1485069515;}
a:8:{s:2:"ip";s:0:"";s:5:"param";s:30:"s=admin&c=model&a=add&typeid=1";s:6:"userid";i:1;s:6:"action";s:3:"add";s:7:"options";s:30:"模型管理 - 添加 - 提交";s:8:"username";s:5:"admin";s:10:"controller";s:5:"model";s:10:"optiontime";i:1485069433;}
a:8:{s:2:"ip";s:0:"";s:5:"param";s:24:"s=admin&c=category&a=add";s:6:"userid";i:1;s:6:"action";s:3:"add";s:7:"options";s:30:"栏目管理 - 添加 - 提交";s:8:"username";s:5:"admin";s:10:"controller";s:8:"category";s:10:"optiontime";i:1485068894;}
a:8:{s:2:"ip";s:0:"";s:5:"param";s:24:"s=admin&c=category&a=add";s:6:"userid";i:1;s:6:"action";s:3:"add";s:7:"options";s:30:"栏目管理 - 添加 - 提交";s:8:"username";s:5:"admin";s:10:"controller";s:8:"category";s:10:"optiontime";i:1485068877;}
a:8:{s:2:"ip";s:0:"";s:5:"param";s:46:"s=admin&c=model&a=addfield&typeid=1&modelid=12";s:6:"userid";i:1;s:6:"action";s:8:"addfield";s:7:"options";s:36:"模型管理 - 添加字段 - 提交";s:8:"username";s:5:"admin";s:10:"controller";s:5:"model";s:10:"optiontime";i:1485068853;}
a:8:{s:2:"ip";s:0:"";s:5:"param";s:30:"s=admin&c=model&a=add&typeid=1";s:6:"userid";i:1;s:6:"action";s:3:"add";s:7:"options";s:30:"模型管理 - 添加 - 提交";s:8:"username";s:5:"admin";s:10:"controller";s:5:"model";s:10:"optiontime";i:1485068773;}
a:8:{s:2:"ip";s:0:"";s:5:"param";s:24:"s=admin&c=category&a=add";s:6:"userid";i:1;s:6:"action";s:3:"add";s:7:"options";s:30:"栏目管理 - 添加 - 提交";s:8:"username";s:5:"admin";s:10:"controller";s:8:"category";s:10:"optiontime";i:1485068728;}
a:8:{s:2:"ip";s:0:"";s:5:"param";s:24:"s=admin&c=category&a=add";s:6:"userid";i:1;s:6:"action";s:3:"add";s:7:"options";s:30:"栏目管理 - 添加 - 提交";s:8:"username";s:5:"admin";s:10:"controller";s:8:"category";s:10:"optiontime";i:1485068695;}
a:8:{s:2:"ip";s:0:"";s:5:"param";s:46:"s=admin&c=model&a=addfield&typeid=3&modelid=11";s:6:"userid";i:1;s:6:"action";s:8:"addfield";s:7:"options";s:36:"模型管理 - 添加字段 - 提交";s:8:"username";s:5:"admin";s:10:"controller";s:5:"model";s:10:"optiontime";i:1485068649;}
a:8:{s:2:"ip";s:0:"";s:5:"param";s:46:"s=admin&c=model&a=addfield&typeid=3&modelid=11";s:6:"userid";i:1;s:6:"action";s:8:"addfield";s:7:"options";s:36:"模型管理 - 添加字段 - 提交";s:8:"username";s:5:"admin";s:10:"controller";s:5:"model";s:10:"optiontime";i:1485068592;}
a:8:{s:2:"ip";s:0:"";s:5:"param";s:46:"s=admin&c=model&a=addfield&typeid=3&modelid=11";s:6:"userid";i:1;s:6:"action";s:8:"addfield";s:7:"options";s:36:"模型管理 - 添加字段 - 提交";s:8:"username";s:5:"admin";s:10:"controller";s:5:"model";s:10:"optiontime";i:1485068569;}
a:8:{s:2:"ip";s:0:"";s:5:"param";s:47:"s=admin&c=model&a=editfield&typeid=3&fieldid=62";s:6:"userid";i:1;s:6:"action";s:9:"editfield";s:7:"options";s:36:"模型管理 - 修改字段 - 提交";s:8:"username";s:5:"admin";s:10:"controller";s:5:"model";s:10:"optiontime";i:1485068543;}
a:8:{s:2:"ip";s:0:"";s:5:"param";s:46:"s=admin&c=model&a=addfield&typeid=3&modelid=11";s:6:"userid";i:1;s:6:"action";s:8:"addfield";s:7:"options";s:36:"模型管理 - 添加字段 - 提交";s:8:"username";s:5:"admin";s:10:"controller";s:5:"model";s:10:"optiontime";i:1485068526;}
a:8:{s:2:"ip";s:0:"";s:5:"param";s:46:"s=admin&c=model&a=addfield&typeid=3&modelid=11";s:6:"userid";i:1;s:6:"action";s:8:"addfield";s:7:"options";s:36:"模型管理 - 添加字段 - 提交";s:8:"username";s:5:"admin";s:10:"controller";s:5:"model";s:10:"optiontime";i:1485068500;}
a:8:{s:2:"ip";s:0:"";s:5:"param";s:46:"s=admin&c=model&a=addfield&typeid=3&modelid=11";s:6:"userid";i:1;s:6:"action";s:8:"addfield";s:7:"options";s:36:"模型管理 - 添加字段 - 提交";s:8:"username";s:5:"admin";s:10:"controller";s:5:"model";s:10:"optiontime";i:1485068470;}
a:8:{s:2:"ip";s:0:"";s:5:"param";s:46:"s=admin&c=model&a=addfield&typeid=3&modelid=11";s:6:"userid";i:1;s:6:"action";s:8:"addfield";s:7:"options";s:36:"模型管理 - 添加字段 - 提交";s:8:"username";s:5:"admin";s:10:"controller";s:5:"model";s:10:"optiontime";i:1485068445;}
a:8:{s:2:"ip";s:0:"";s:5:"param";s:46:"s=admin&c=model&a=addfield&typeid=3&modelid=11";s:6:"userid";i:1;s:6:"action";s:8:"addfield";s:7:"options";s:36:"模型管理 - 添加字段 - 提交";s:8:"username";s:5:"admin";s:10:"controller";s:5:"model";s:10:"optiontime";i:1485068412;}
a:8:{s:2:"ip";s:0:"";s:5:"param";s:46:"s=admin&c=model&a=addfield&typeid=3&modelid=11";s:6:"userid";i:1;s:6:"action";s:8:"addfield";s:7:"options";s:36:"模型管理 - 添加字段 - 提交";s:8:"username";s:5:"admin";s:10:"controller";s:5:"model";s:10:"optiontime";i:1485068340;}
a:8:{s:2:"ip";s:0:"";s:5:"param";s:30:"s=admin&c=model&a=add&typeid=3";s:6:"userid";i:1;s:6:"action";s:3:"add";s:7:"options";s:30:"模型管理 - 添加 - 提交";s:8:"username";s:5:"admin";s:10:"controller";s:5:"model";s:10:"optiontime";i:1485068267;}
a:8:{s:2:"ip";s:0:"";s:5:"param";s:24:"s=admin&c=category&a=add";s:6:"userid";i:1;s:6:"action";s:3:"add";s:7:"options";s:30:"栏目管理 - 添加 - 提交";s:8:"username";s:5:"admin";s:10:"controller";s:8:"category";s:10:"optiontime";i:1485068193;}
a:8:{s:2:"ip";s:0:"";s:5:"param";s:24:"s=admin&c=category&a=add";s:6:"userid";i:1;s:6:"action";s:3:"add";s:7:"options";s:30:"栏目管理 - 添加 - 提交";s:8:"username";s:5:"admin";s:10:"controller";s:8:"category";s:10:"optiontime";i:1485068173;}
a:8:{s:2:"ip";s:0:"";s:5:"param";s:46:"s=admin&c=model&a=addfield&typeid=1&modelid=10";s:6:"userid";i:1;s:6:"action";s:8:"addfield";s:7:"options";s:36:"模型管理 - 添加字段 - 提交";s:8:"username";s:5:"admin";s:10:"controller";s:5:"model";s:10:"optiontime";i:1485068146;}
a:8:{s:2:"ip";s:0:"";s:5:"param";s:30:"s=admin&c=model&a=add&typeid=1";s:6:"userid";i:1;s:6:"action";s:3:"add";s:7:"options";s:30:"模型管理 - 添加 - 提交";s:8:"username";s:5:"admin";s:10:"controller";s:5:"model";s:10:"optiontime";i:1485068079;}
a:8:{s:2:"ip";s:0:"";s:5:"param";s:24:"s=admin&c=category&a=add";s:6:"userid";i:1;s:6:"action";s:3:"add";s:7:"options";s:30:"栏目管理 - 添加 - 提交";s:8:"username";s:5:"admin";s:10:"controller";s:8:"category";s:10:"optiontime";i:1485068002;}
a:8:{s:2:"ip";s:0:"";s:5:"param";s:24:"s=admin&c=category&a=add";s:6:"userid";i:1;s:6:"action";s:3:"add";s:7:"options";s:30:"栏目管理 - 添加 - 提交";s:8:"username";s:5:"admin";s:10:"controller";s:8:"category";s:10:"optiontime";i:1485067932;}
a:8:{s:2:"ip";s:0:"";s:5:"param";s:24:"s=admin&c=category&a=add";s:6:"userid";i:1;s:6:"action";s:3:"add";s:7:"options";s:30:"栏目管理 - 添加 - 提交";s:8:"username";s:5:"admin";s:10:"controller";s:8:"category";s:10:"optiontime";i:1485067893;}
a:8:{s:2:"ip";s:0:"";s:5:"param";s:45:"s=admin&c=model&a=addfield&typeid=1&modelid=9";s:6:"userid";i:1;s:6:"action";s:8:"addfield";s:7:"options";s:36:"模型管理 - 添加字段 - 提交";s:8:"username";s:5:"admin";s:10:"controller";s:5:"model";s:10:"optiontime";i:1485067755;}
a:8:{s:2:"ip";s:0:"";s:5:"param";s:45:"s=admin&c=model&a=addfield&typeid=1&modelid=9";s:6:"userid";i:1;s:6:"action";s:8:"addfield";s:7:"options";s:36:"模型管理 - 添加字段 - 提交";s:8:"username";s:5:"admin";s:10:"controller";s:5:"model";s:10:"optiontime";i:1485067661;}
a:8:{s:2:"ip";s:0:"";s:5:"param";s:24:"s=admin&c=category&a=add";s:6:"userid";i:1;s:6:"action";s:3:"add";s:7:"options";s:30:"栏目管理 - 添加 - 提交";s:8:"username";s:5:"admin";s:10:"controller";s:8:"category";s:10:"optiontime";i:1485067272;}
a:8:{s:2:"ip";s:0:"";s:5:"param";s:24:"s=admin&c=category&a=add";s:6:"userid";i:1;s:6:"action";s:3:"add";s:7:"options";s:30:"栏目管理 - 添加 - 提交";s:8:"username";s:5:"admin";s:10:"controller";s:8:"category";s:10:"optiontime";i:1485067218;}
a:8:{s:2:"ip";s:0:"";s:5:"param";s:30:"s=admin&c=model&a=add&typeid=1";s:6:"userid";i:1;s:6:"action";s:3:"add";s:7:"options";s:30:"模型管理 - 添加 - 提交";s:8:"username";s:5:"admin";s:10:"controller";s:5:"model";s:10:"optiontime";i:1485067165;}
a:8:{s:2:"ip";s:0:"";s:5:"param";s:24:"s=admin&c=category&a=add";s:6:"userid";i:1;s:6:"action";s:3:"add";s:7:"options";s:30:"栏目管理 - 添加 - 提交";s:8:"username";s:5:"admin";s:10:"controller";s:8:"category";s:10:"optiontime";i:1485067100;}
a:8:{s:2:"ip";s:0:"";s:5:"param";s:24:"s=admin&c=category&a=add";s:6:"userid";i:1;s:6:"action";s:3:"add";s:7:"options";s:30:"栏目管理 - 添加 - 提交";s:8:"username";s:5:"admin";s:10:"controller";s:8:"category";s:10:"optiontime";i:1485067061;}
a:8:{s:2:"ip";s:0:"";s:5:"param";s:24:"s=admin&c=category&a=add";s:6:"userid";i:1;s:6:"action";s:3:"add";s:7:"options";s:30:"栏目管理 - 添加 - 提交";s:8:"username";s:5:"admin";s:10:"controller";s:8:"category";s:10:"optiontime";i:1485067034;}
a:8:{s:2:"ip";s:0:"";s:5:"param";s:24:"s=admin&c=category&a=add";s:6:"userid";i:1;s:6:"action";s:3:"add";s:7:"options";s:30:"栏目管理 - 添加 - 提交";s:8:"username";s:5:"admin";s:10:"controller";s:8:"category";s:10:"optiontime";i:1485066981;}
a:8:{s:2:"ip";s:0:"";s:5:"param";s:24:"s=admin&c=category&a=add";s:6:"userid";i:1;s:6:"action";s:3:"add";s:7:"options";s:30:"栏目管理 - 添加 - 提交";s:8:"username";s:5:"admin";s:10:"controller";s:8:"category";s:10:"optiontime";i:1485066958;}
a:8:{s:2:"ip";s:0:"";s:5:"param";s:24:"s=admin&c=category&a=add";s:6:"userid";i:1;s:6:"action";s:3:"add";s:7:"options";s:30:"栏目管理 - 添加 - 提交";s:8:"username";s:5:"admin";s:10:"controller";s:8:"category";s:10:"optiontime";i:1485066938;}
a:8:{s:2:"ip";s:0:"";s:5:"param";s:24:"s=admin&c=category&a=add";s:6:"userid";i:1;s:6:"action";s:3:"add";s:7:"options";s:30:"栏目管理 - 添加 - 提交";s:8:"username";s:5:"admin";s:10:"controller";s:8:"category";s:10:"optiontime";i:1485066886;}
a:8:{s:2:"ip";s:0:"";s:5:"param";s:24:"s=admin&c=category&a=add";s:6:"userid";i:1;s:6:"action";s:3:"add";s:7:"options";s:30:"栏目管理 - 添加 - 提交";s:8:"username";s:5:"admin";s:10:"controller";s:8:"category";s:10:"optiontime";i:1485066795;}
a:8:{s:2:"ip";s:0:"";s:5:"param";s:24:"s=admin&c=category&a=add";s:6:"userid";i:1;s:6:"action";s:3:"add";s:7:"options";s:30:"栏目管理 - 添加 - 提交";s:8:"username";s:5:"admin";s:10:"controller";s:8:"category";s:10:"optiontime";i:1485066767;}
a:8:{s:2:"ip";s:0:"";s:5:"param";s:24:"s=admin&c=category&a=add";s:6:"userid";i:1;s:6:"action";s:3:"add";s:7:"options";s:30:"栏目管理 - 添加 - 提交";s:8:"username";s:5:"admin";s:10:"controller";s:8:"category";s:10:"optiontime";i:1485066724;}
a:8:{s:2:"ip";s:0:"";s:5:"param";s:24:"s=admin&c=category&a=add";s:6:"userid";i:1;s:6:"action";s:3:"add";s:7:"options";s:30:"栏目管理 - 添加 - 提交";s:8:"username";s:5:"admin";s:10:"controller";s:8:"category";s:10:"optiontime";i:1485066673;}
a:8:{s:2:"ip";s:0:"";s:5:"param";s:45:"s=admin&c=model&a=addfield&typeid=1&modelid=8";s:6:"userid";i:1;s:6:"action";s:8:"addfield";s:7:"options";s:36:"模型管理 - 添加字段 - 提交";s:8:"username";s:5:"admin";s:10:"controller";s:5:"model";s:10:"optiontime";i:1485066611;}
a:8:{s:2:"ip";s:0:"";s:5:"param";s:45:"s=admin&c=model&a=addfield&typeid=1&modelid=8";s:6:"userid";i:1;s:6:"action";s:8:"addfield";s:7:"options";s:36:"模型管理 - 添加字段 - 提交";s:8:"username";s:5:"admin";s:10:"controller";s:5:"model";s:10:"optiontime";i:1485066578;}
a:8:{s:2:"ip";s:0:"";s:5:"param";s:45:"s=admin&c=model&a=addfield&typeid=1&modelid=8";s:6:"userid";i:1;s:6:"action";s:8:"addfield";s:7:"options";s:36:"模型管理 - 添加字段 - 提交";s:8:"username";s:5:"admin";s:10:"controller";s:5:"model";s:10:"optiontime";i:1485066531;}
a:8:{s:2:"ip";s:0:"";s:5:"param";s:45:"s=admin&c=model&a=addfield&typeid=1&modelid=8";s:6:"userid";i:1;s:6:"action";s:8:"addfield";s:7:"options";s:36:"模型管理 - 添加字段 - 提交";s:8:"username";s:5:"admin";s:10:"controller";s:5:"model";s:10:"optiontime";i:1485066510;}
a:8:{s:2:"ip";s:0:"";s:5:"param";s:45:"s=admin&c=model&a=addfield&typeid=1&modelid=8";s:6:"userid";i:1;s:6:"action";s:8:"addfield";s:7:"options";s:36:"模型管理 - 添加字段 - 提交";s:8:"username";s:5:"admin";s:10:"controller";s:5:"model";s:10:"optiontime";i:1485066493;}
a:8:{s:2:"ip";s:0:"";s:5:"param";s:45:"s=admin&c=model&a=addfield&typeid=1&modelid=8";s:6:"userid";i:1;s:6:"action";s:8:"addfield";s:7:"options";s:36:"模型管理 - 添加字段 - 提交";s:8:"username";s:5:"admin";s:10:"controller";s:5:"model";s:10:"optiontime";i:1485066467;}
a:8:{s:2:"ip";s:0:"";s:5:"param";s:45:"s=admin&c=model&a=addfield&typeid=1&modelid=8";s:6:"userid";i:1;s:6:"action";s:8:"addfield";s:7:"options";s:36:"模型管理 - 添加字段 - 提交";s:8:"username";s:5:"admin";s:10:"controller";s:5:"model";s:10:"optiontime";i:1485066427;}
a:8:{s:2:"ip";s:0:"";s:5:"param";s:45:"s=admin&c=model&a=addfield&typeid=1&modelid=8";s:6:"userid";i:1;s:6:"action";s:8:"addfield";s:7:"options";s:36:"模型管理 - 添加字段 - 提交";s:8:"username";s:5:"admin";s:10:"controller";s:5:"model";s:10:"optiontime";i:1485066399;}
a:8:{s:2:"ip";s:0:"";s:5:"param";s:45:"s=admin&c=model&a=addfield&typeid=1&modelid=8";s:6:"userid";i:1;s:6:"action";s:8:"addfield";s:7:"options";s:36:"模型管理 - 添加字段 - 提交";s:8:"username";s:5:"admin";s:10:"controller";s:5:"model";s:10:"optiontime";i:1485066378;}
a:8:{s:2:"ip";s:0:"";s:5:"param";s:45:"s=admin&c=model&a=addfield&typeid=1&modelid=8";s:6:"userid";i:1;s:6:"action";s:8:"addfield";s:7:"options";s:36:"模型管理 - 添加字段 - 提交";s:8:"username";s:5:"admin";s:10:"controller";s:5:"model";s:10:"optiontime";i:1485066345;}
a:8:{s:2:"ip";s:0:"";s:5:"param";s:45:"s=admin&c=model&a=addfield&typeid=1&modelid=8";s:6:"userid";i:1;s:6:"action";s:8:"addfield";s:7:"options";s:36:"模型管理 - 添加字段 - 提交";s:8:"username";s:5:"admin";s:10:"controller";s:5:"model";s:10:"optiontime";i:1485066315;}
a:8:{s:2:"ip";s:0:"";s:5:"param";s:30:"s=admin&c=model&a=add&typeid=1";s:6:"userid";i:1;s:6:"action";s:3:"add";s:7:"options";s:30:"模型管理 - 添加 - 提交";s:8:"username";s:5:"admin";s:10:"controller";s:5:"model";s:10:"optiontime";i:1485066162;}
a:8:{s:2:"ip";s:0:"";s:5:"param";s:34:"s=admin&c=category&a=edit&catid=24";s:6:"userid";i:1;s:6:"action";s:4:"edit";s:7:"options";s:30:"栏目管理 - 修改 - 提交";s:8:"username";s:5:"admin";s:10:"controller";s:8:"category";s:10:"optiontime";i:1485066016;}
a:8:{s:2:"ip";s:0:"";s:5:"param";s:24:"s=admin&c=category&a=add";s:6:"userid";i:1;s:6:"action";s:3:"add";s:7:"options";s:30:"栏目管理 - 添加 - 提交";s:8:"username";s:5:"admin";s:10:"controller";s:8:"category";s:10:"optiontime";i:1485066006;}
a:8:{s:2:"ip";s:0:"";s:5:"param";s:24:"s=admin&c=category&a=add";s:6:"userid";i:1;s:6:"action";s:3:"add";s:7:"options";s:30:"栏目管理 - 添加 - 提交";s:8:"username";s:5:"admin";s:10:"controller";s:8:"category";s:10:"optiontime";i:1485065994;}
a:8:{s:2:"ip";s:0:"";s:5:"param";s:24:"s=admin&c=category&a=add";s:6:"userid";i:1;s:6:"action";s:3:"add";s:7:"options";s:30:"栏目管理 - 添加 - 提交";s:8:"username";s:5:"admin";s:10:"controller";s:8:"category";s:10:"optiontime";i:1485065941;}
a:8:{s:2:"ip";s:0:"";s:5:"param";s:24:"s=admin&c=category&a=add";s:6:"userid";i:1;s:6:"action";s:3:"add";s:7:"options";s:30:"栏目管理 - 添加 - 提交";s:8:"username";s:5:"admin";s:10:"controller";s:8:"category";s:10:"optiontime";i:1485065825;}
a:8:{s:2:"ip";s:0:"";s:5:"param";s:34:"s=admin&c=category&a=edit&catid=22";s:6:"userid";i:1;s:6:"action";s:4:"edit";s:7:"options";s:30:"栏目管理 - 修改 - 提交";s:8:"username";s:5:"admin";s:10:"controller";s:8:"category";s:10:"optiontime";i:1485065809;}
a:8:{s:2:"ip";s:0:"";s:5:"param";s:24:"s=admin&c=category&a=add";s:6:"userid";i:1;s:6:"action";s:3:"add";s:7:"options";s:30:"栏目管理 - 添加 - 提交";s:8:"username";s:5:"admin";s:10:"controller";s:8:"category";s:10:"optiontime";i:1485065792;}
a:8:{s:2:"ip";s:0:"";s:5:"param";s:34:"s=admin&c=category&a=edit&catid=21";s:6:"userid";i:1;s:6:"action";s:4:"edit";s:7:"options";s:30:"栏目管理 - 修改 - 提交";s:8:"username";s:5:"admin";s:10:"controller";s:8:"category";s:10:"optiontime";i:1485065673;}
a:8:{s:2:"ip";s:0:"";s:5:"param";s:34:"s=admin&c=category&a=edit&catid=20";s:6:"userid";i:1;s:6:"action";s:4:"edit";s:7:"options";s:30:"栏目管理 - 修改 - 提交";s:8:"username";s:5:"admin";s:10:"controller";s:8:"category";s:10:"optiontime";i:1485065657;}
a:8:{s:2:"ip";s:0:"";s:5:"param";s:24:"s=admin&c=category&a=add";s:6:"userid";i:1;s:6:"action";s:3:"add";s:7:"options";s:30:"栏目管理 - 添加 - 提交";s:8:"username";s:5:"admin";s:10:"controller";s:8:"category";s:10:"optiontime";i:1485065631;}
a:8:{s:2:"ip";s:0:"";s:5:"param";s:24:"s=admin&c=category&a=add";s:6:"userid";i:1;s:6:"action";s:3:"add";s:7:"options";s:30:"栏目管理 - 添加 - 提交";s:8:"username";s:5:"admin";s:10:"controller";s:8:"category";s:10:"optiontime";i:1485065589;}
a:8:{s:2:"ip";s:0:"";s:5:"param";s:24:"s=admin&c=category&a=add";s:6:"userid";i:1;s:6:"action";s:3:"add";s:7:"options";s:30:"栏目管理 - 添加 - 提交";s:8:"username";s:5:"admin";s:10:"controller";s:8:"category";s:10:"optiontime";i:1485065094;}
a:8:{s:2:"ip";s:0:"";s:5:"param";s:24:"s=admin&c=category&a=add";s:6:"userid";i:1;s:6:"action";s:3:"add";s:7:"options";s:30:"栏目管理 - 添加 - 提交";s:8:"username";s:5:"admin";s:10:"controller";s:8:"category";s:10:"optiontime";i:1485065072;}
a:8:{s:2:"ip";s:0:"";s:5:"param";s:30:"s=admin&c=auth&a=edit&roleid=1";s:6:"userid";i:1;s:6:"action";s:4:"edit";s:7:"options";s:30:"角色权限 - 修改 - 提交";s:8:"username";s:5:"admin";s:10:"controller";s:4:"auth";s:10:"optiontime";i:1485064362;}
